<?xml version="1.0" encoding="UTF-8"?>
<!-- Generated by org.testng.reporters.JUnitReportReporter -->
<testsuite hostname="QSPWakad" failures="0" tests="2" name="com.ShopperStackAutomationFramework.TestScript.ValidLoginIntoShopperstack" time="37.619" errors="0" timestamp="08 Feb 2024 05:31:49 GMT" skipped="0">
  <testcase classname="com.ShopperStackAutomationFramework.TestScript.ValidLoginIntoShopperstack" name="login" time="18.414"/>
  <testcase classname="com.ShopperStackAutomationFramework.TestScript.ValidLoginIntoShopperstack" name="invalidLogin" time="19.205"/>
</testsuite> <!-- com.ShopperStackAutomationFramework.TestScript.ValidLoginIntoShopperstack -->
