<?xml version="1.0" encoding="UTF-8"?>
<!-- Generated by org.testng.reporters.JUnitReportReporter -->
<testsuite hostname="QSPWakad" failures="0" tests="1" name="com.ShopperStackAutomationFramework.TestScript.LearningAssertion" time="4.133" errors="0" timestamp="13 Feb 2024 05:40:40 GMT" skipped="0">
  <testcase classname="com.ShopperStackAutomationFramework.TestScript.LearningAssertion" name="verifyTitle" time="4.133"/>
</testsuite> <!-- com.ShopperStackAutomationFramework.TestScript.LearningAssertion -->
