<?xml version="1.0" encoding="UTF-8"?>
<!-- Generated by org.testng.reporters.JUnitReportReporter -->
<testsuite hostname="QSPWakad" failures="0" tests="1" name="com.ShopperStackAutomationFramework.TestScript.ValidLoginIntoShopperstack" time="18.077" errors="0" timestamp="31 Jan 2024 05:46:03 GMT" skipped="0">
  <testcase classname="com.ShopperStackAutomationFramework.TestScript.ValidLoginIntoShopperstack" name="login" time="18.077"/>
</testsuite> <!-- com.ShopperStackAutomationFramework.TestScript.ValidLoginIntoShopperstack -->
