<?xml version="1.0" encoding="UTF-8"?>
<!-- Generated by org.testng.reporters.JUnitReportReporter -->
<testsuite hostname="QSPWakad" failures="0" tests="1" name="com.ShopperStackAutomationFramework.TestScript.AddToCart" time="11.423" errors="0" timestamp="08 Feb 2024 05:24:36 GMT" skipped="0">
  <testcase classname="com.ShopperStackAutomationFramework.TestScript.AddToCart" name="addToCart" time="11.423"/>
</testsuite> <!-- com.ShopperStackAutomationFramework.TestScript.AddToCart -->
