<?xml version="1.0" encoding="UTF-8"?>
<!-- Generated by org.testng.reporters.JUnitReportReporter -->
<testsuite hostname="QSPWakad" failures="0" tests="3" name="com.ShopperStackAutomationFramework.TestScript.ShoppertstackDataProvider" time="31.132" errors="0" timestamp="13 Feb 2024 05:15:07 GMT" skipped="0">
  <testcase classname="com.ShopperStackAutomationFramework.TestScript.ShoppertstackDataProvider" name="loginIntoShopperStack" time="10.185"/>
  <testcase classname="com.ShopperStackAutomationFramework.TestScript.ShoppertstackDataProvider" name="loginIntoShopperStack" time="10.095"/>
  <testcase classname="com.ShopperStackAutomationFramework.TestScript.ShoppertstackDataProvider" name="loginIntoShopperStack" time="10.852"/>
</testsuite> <!-- com.ShopperStackAutomationFramework.TestScript.ShoppertstackDataProvider -->
