<?xml version="1.0" encoding="UTF-8"?>
<!-- Generated by org.testng.reporters.JUnitReportReporter -->
<testsuite hostname="QSPWakad" failures="0" tests="1" name="com.ShopperStackAutomationFramework.TestScript.InValidLoginIntoShopperstack" time="25.024" errors="0" timestamp="09 Feb 2024 05:30:36 GMT" skipped="0">
  <testcase classname="com.ShopperStackAutomationFramework.TestScript.InValidLoginIntoShopperstack" name="invalidLogin" time="25.024"/>
</testsuite> <!-- com.ShopperStackAutomationFramework.TestScript.InValidLoginIntoShopperstack -->
