<?xml version="1.0" encoding="UTF-8"?>
<!-- Generated by org.testng.reporters.JUnitReportReporter -->
<testsuite hostname="QSPWakad" failures="0" tests="1" name="com.ShopperStackAutomationFramework.TestScript.LaunchBrowser" time="0.006" errors="0" timestamp="30 Jan 2024 06:20:05 GMT" skipped="0">
  <testcase classname="com.ShopperStackAutomationFramework.TestScript.LaunchBrowser" name="login" time="0.006"/>
</testsuite> <!-- com.ShopperStackAutomationFramework.TestScript.LaunchBrowser -->
