<?xml version="1.0" encoding="UTF-8"?>
<!-- Generated by org.testng.reporters.JUnitReportReporter -->
<testsuite hostname="QSPWakad" failures="0" tests="2" name="com.ShopperStackAutomationFramework.TestScript.ValidLoginIntoShopperstack" time="17.510" errors="0" timestamp="12 Feb 2024 05:28:31 GMT" skipped="1">
  <testcase classname="com.ShopperStackAutomationFramework.TestScript.ValidLoginIntoShopperstack" name="login" time="17.510"/>
  <testcase classname="com.ShopperStackAutomationFramework.TestScript.ValidLoginIntoShopperstack" name="invalidLogin">
    <skipped/>
  </testcase> <!-- invalidLogin -->
</testsuite> <!-- com.ShopperStackAutomationFramework.TestScript.ValidLoginIntoShopperstack -->
